<?xml version="1.0" encoding="UTF-8"?>
<!-- Generated by org.testng.reporters.JUnitXMLReporter -->
<testsuite hostname="SRIDHAR-VAIO" name="Test" tests="5" failures="0" timestamp="10 Sep 2018 11:25:40 GMT" time="53.721" errors="0">
  <testcase name="createApp" time="8.941" classname="MyAssignment.MyAssignment.PlivoTest"/>
  <testcase name="addModules" time="15.992" classname="MyAssignment.MyAssignment.PlivoTest"/>
  <testcase name="checkConnections" time="0.184" classname="MyAssignment.MyAssignment.PlivoTest"/>
  <testcase name="verifyAddedValues" time="0.315" classname="MyAssignment.MyAssignment.PlivoTest"/>
  <testcase name="displayIndexHtml" time="2.292" classname="MyAssignment.MyAssignment.DisplayReport"/>
</testsuite> <!-- Test -->
