<?xml version="1.0" encoding="UTF-8"?>
<!-- Generated by org.testng.reporters.JUnitXMLReporter -->
<testsuite hostname="SRIDHAR-VAIO" name="Command line test" tests="4" failures="0" timestamp="10 Sep 2018 11:03:43 GMT" time="59.177" errors="0">
  <testcase name="@BeforeClass fillTestData" time="0.0" classname="MyAssignment.MyAssignment.PlivoTest">
    <failure type="org.testng.TestNGException" message="
Parameter &amp;apos;phoneNumber&amp;apos; is required by @Configuration on method fillTestData but has not been marked @Optional or defined
">
      <![CDATA[org.testng.TestNGException: 
Parameter 'phoneNumber' is required by @Configuration on method fillTestData but has not been marked @Optional or defined

... Removed 31 stack frames]]>
    </failure>
  </testcase> <!-- @BeforeClass fillTestData -->
  <testcase name="@BeforeClass setUp" time="0.0" classname="MyAssignment.MyAssignment.PlivoTest">
    <skipped/>
  </testcase> <!-- @BeforeClass setUp -->
  <testcase name="@AfterClass tearDown" time="0.0" classname="MyAssignment.MyAssignment.PlivoTest">
    <skipped/>
  </testcase> <!-- @AfterClass tearDown -->
  <testcase name="createApp" time="0.0" classname="MyAssignment.MyAssignment.PlivoTest">
    <skipped/>
  </testcase> <!-- createApp -->
  <testcase name="addModules" time="0.0" classname="MyAssignment.MyAssignment.PlivoTest">
    <skipped/>
  </testcase> <!-- addModules -->
  <testcase name="checkConnections" time="0.001" classname="MyAssignment.MyAssignment.PlivoTest">
    <skipped/>
  </testcase> <!-- checkConnections -->
  <testcase name="verifyAddedValues" time="0.002" classname="MyAssignment.MyAssignment.PlivoTest">
    <skipped/>
  </testcase> <!-- verifyAddedValues -->
</testsuite> <!-- Command line test -->
